{"/Users/Ruan/Custom-Search-Hosted-UI/Turners/modifyText.js": {"path":"/Users/Ruan/Custom-Search-Hosted-UI/Turners/modifyText.js","statementMap":{"0":{"start":{"line":2,"column":13},"end":{"line":2,"column":50}},"1":{"start":{"line":4,"column":18},"end":{"line":4,"column":21}},"2":{"start":{"line":6,"column":8},"end":{"line":6,"column":21}},"3":{"start":{"line":9,"column":4},"end":{"line":9,"column":51}},"4":{"start":{"line":12,"column":0},"end":{"line":12,"column":26}}},"fnMap":{"0":{"name":"modifyText","decl":{"start":{"line":8,"column":9},"end":{"line":8,"column":19}},"loc":{"start":{"line":8,"column":23},"end":{"line":10,"column":1}},"line":8}},"branchMap":{},"s":{"0":1,"1":1,"2":1,"3":5,"4":1},"f":{"0":5},"b":{},"_coverageSchema":"1a1c01bbd47fc00a2c39e90264f33305004495a9","hash":"a9e2d971f039f16e40d2fe91d665b500145b2422"}
}
